  [1m[35m (0.3ms)[0m  [1m[35mSET NAMES utf8,  @@SESSION.sql_mode = CONCAT(CONCAT(@@sql_mode, ',STRICT_ALL_TABLES'), ',NO_AUTO_VALUE_ON_ZERO'),  @@SESSION.sql_auto_is_null = 0, @@SESSION.wait_timeout = 2147483[0m
  [1m[35m (0.5ms)[0m  [1m[35mCREATE DATABASE `chat_app_development` DEFAULT CHARACTER SET `utf8`[0m
  [1m[35m (0.1ms)[0m  [1m[35mSET NAMES utf8,  @@SESSION.sql_mode = CONCAT(CONCAT(@@sql_mode, ',STRICT_ALL_TABLES'), ',NO_AUTO_VALUE_ON_ZERO'),  @@SESSION.sql_auto_is_null = 0, @@SESSION.wait_timeout = 2147483[0m
  [1m[35m (0.5ms)[0m  [1m[35mCREATE DATABASE `chat_app_test` DEFAULT CHARACTER SET `utf8`[0m
  [1m[35m (0.3ms)[0m  [1m[35mSET NAMES utf8,  @@SESSION.sql_mode = CONCAT(CONCAT(@@sql_mode, ',STRICT_ALL_TABLES'), ',NO_AUTO_VALUE_ON_ZERO'),  @@SESSION.sql_auto_is_null = 0, @@SESSION.wait_timeout = 2147483[0m
  [1m[35m (0.4ms)[0m  [1m[35mCREATE DATABASE `chat_app_development` DEFAULT CHARACTER SET `utf8`[0m
  [1m[35m (0.1ms)[0m  [1m[35mSET NAMES utf8,  @@SESSION.sql_mode = CONCAT(CONCAT(@@sql_mode, ',STRICT_ALL_TABLES'), ',NO_AUTO_VALUE_ON_ZERO'),  @@SESSION.sql_auto_is_null = 0, @@SESSION.wait_timeout = 2147483[0m
  [1m[35m (0.3ms)[0m  [1m[35mCREATE DATABASE `chat_app_test` DEFAULT CHARACTER SET `utf8`[0m
Started GET "/" for ::1 at 2020-08-03 15:51:14 +0900
  [1m[35m (0.3ms)[0m  [1m[35mSET NAMES utf8,  @@SESSION.sql_mode = CONCAT(CONCAT(@@sql_mode, ',STRICT_ALL_TABLES'), ',NO_AUTO_VALUE_ON_ZERO'),  @@SESSION.sql_auto_is_null = 0, @@SESSION.wait_timeout = 2147483[0m
Processing by MessagesController#index as HTML
  Rendering messages/index.html.erb within layouts/application
  Rendered messages/index.html.erb within layouts/application (Duration: 1.6ms | Allocations: 375)
[Webpacker] Compiling...
[Webpacker] Compiled all packs in /Users/hiroshi/projects/chat-app/public/packs
[Webpacker] Hash: 15d1bb7b54cf6326b9ba
Version: webpack 4.44.1
Time: 1322ms
Built at: 2020/08/03 15:51:17
                                     Asset       Size       Chunks                         Chunk Names
    js/application-9afcbb5693aa87623e69.js    124 KiB  application  [emitted] [immutable]  application
js/application-9afcbb5693aa87623e69.js.map    139 KiB  application  [emitted] [dev]        application
                             manifest.json  364 bytes               [emitted]              
Entrypoint application = js/application-9afcbb5693aa87623e69.js js/application-9afcbb5693aa87623e69.js.map
[./app/javascript/channels sync recursive _channel\.js$] ./app/javascript/channels sync _channel\.js$ 160 bytes {application} [built]
[./app/javascript/channels/index.js] 211 bytes {application} [built]
[./app/javascript/packs/application.js] 749 bytes {application} [built]
[./node_modules/webpack/buildin/module.js] (webpack)/buildin/module.js 552 bytes {application} [built]
    + 3 hidden modules

Completed 200 OK in 3878ms (Views: 3870.9ms | ActiveRecord: 0.0ms | Allocations: 1404486)


Started GET "/" for ::1 at 2020-08-03 15:59:22 +0900
  [1m[35m (0.2ms)[0m  [1m[35mSET NAMES utf8,  @@SESSION.sql_mode = CONCAT(CONCAT(@@sql_mode, ',STRICT_ALL_TABLES'), ',NO_AUTO_VALUE_ON_ZERO'),  @@SESSION.sql_auto_is_null = 0, @@SESSION.wait_timeout = 2147483[0m
Processing by MessagesController#index as HTML
  Rendering messages/index.html.erb within layouts/application
  Rendered messages/_side_bar.html.erb (Duration: 0.3ms | Allocations: 86)
  Rendered messages/_main_chat.html.erb (Duration: 0.2ms | Allocations: 83)
  Rendered messages/index.html.erb within layouts/application (Duration: 1.9ms | Allocations: 717)
[Webpacker] Everything's up-to-date. Nothing to do
Completed 200 OK in 17ms (Views: 16.2ms | ActiveRecord: 0.0ms | Allocations: 9355)


Started GET "/" for ::1 at 2020-08-03 16:05:50 +0900
  [1m[35m (0.3ms)[0m  [1m[35mSET NAMES utf8,  @@SESSION.sql_mode = CONCAT(CONCAT(@@sql_mode, ',STRICT_ALL_TABLES'), ',NO_AUTO_VALUE_ON_ZERO'),  @@SESSION.sql_auto_is_null = 0, @@SESSION.wait_timeout = 2147483[0m
Processing by MessagesController#index as HTML
  Rendering messages/index.html.erb within layouts/application
  Rendered messages/_side_bar.html.erb (Duration: 0.2ms | Allocations: 73)
  Rendered messages/_main_chat.html.erb (Duration: 0.2ms | Allocations: 72)
  Rendered messages/index.html.erb within layouts/application (Duration: 1.8ms | Allocations: 679)
[Webpacker] Everything's up-to-date. Nothing to do
Completed 200 OK in 22ms (Views: 20.7ms | ActiveRecord: 0.0ms | Allocations: 13025)


Started GET "/" for ::1 at 2020-08-03 16:05:54 +0900
Processing by MessagesController#index as HTML
  Rendering messages/index.html.erb within layouts/application
  Rendered messages/_side_bar.html.erb (Duration: 0.0ms | Allocations: 6)
  Rendered messages/_main_chat.html.erb (Duration: 0.0ms | Allocations: 5)
  Rendered messages/index.html.erb within layouts/application (Duration: 0.4ms | Allocations: 147)
[Webpacker] Everything's up-to-date. Nothing to do
Completed 200 OK in 9ms (Views: 7.9ms | ActiveRecord: 0.0ms | Allocations: 5916)


Started GET "/" for ::1 at 2020-08-03 16:06:30 +0900
Processing by MessagesController#index as HTML
  Rendering messages/index.html.erb within layouts/application
  Rendered messages/_side_bar.html.erb (Duration: 0.0ms | Allocations: 6)
  Rendered messages/_main_chat.html.erb (Duration: 0.0ms | Allocations: 5)
  Rendered messages/index.html.erb within layouts/application (Duration: 0.4ms | Allocations: 148)
[Webpacker] Everything's up-to-date. Nothing to do
Completed 200 OK in 20ms (Views: 18.9ms | ActiveRecord: 0.0ms | Allocations: 10482)


Started GET "/" for ::1 at 2020-08-03 16:06:32 +0900
Processing by MessagesController#index as HTML
  Rendering messages/index.html.erb within layouts/application
  Rendered messages/_side_bar.html.erb (Duration: 0.0ms | Allocations: 6)
  Rendered messages/_main_chat.html.erb (Duration: 0.0ms | Allocations: 5)
  Rendered messages/index.html.erb within layouts/application (Duration: 0.6ms | Allocations: 147)
[Webpacker] Everything's up-to-date. Nothing to do
Completed 200 OK in 8ms (Views: 7.5ms | ActiveRecord: 0.0ms | Allocations: 5964)


Started GET "/" for ::1 at 2020-08-03 16:31:50 +0900
  [1m[35m (0.2ms)[0m  [1m[35mSET NAMES utf8,  @@SESSION.sql_mode = CONCAT(CONCAT(@@sql_mode, ',STRICT_ALL_TABLES'), ',NO_AUTO_VALUE_ON_ZERO'),  @@SESSION.sql_auto_is_null = 0, @@SESSION.wait_timeout = 2147483[0m
Processing by MessagesController#index as HTML
  Rendering messages/index.html.erb within layouts/application
  Rendered messages/_side_bar.html.erb (Duration: 0.0ms | Allocations: 6)
  Rendered messages/_main_chat.html.erb (Duration: 0.0ms | Allocations: 5)
  Rendered messages/index.html.erb within layouts/application (Duration: 0.3ms | Allocations: 147)
[Webpacker] Everything's up-to-date. Nothing to do
Completed 200 OK in 8ms (Views: 7.4ms | ActiveRecord: 0.0ms | Allocations: 5940)


Started GET "/" for ::1 at 2020-08-03 16:37:22 +0900
  [1m[35m (0.2ms)[0m  [1m[35mSET NAMES utf8,  @@SESSION.sql_mode = CONCAT(CONCAT(@@sql_mode, ',STRICT_ALL_TABLES'), ',NO_AUTO_VALUE_ON_ZERO'),  @@SESSION.sql_auto_is_null = 0, @@SESSION.wait_timeout = 2147483[0m
Processing by MessagesController#index as HTML
  Rendering messages/index.html.erb within layouts/application
  Rendered messages/_side_bar.html.erb (Duration: 0.0ms | Allocations: 6)
  Rendered messages/_main_chat.html.erb (Duration: 0.0ms | Allocations: 5)
  Rendered messages/index.html.erb within layouts/application (Duration: 0.3ms | Allocations: 148)
[Webpacker] Everything's up-to-date. Nothing to do
Completed 200 OK in 7ms (Views: 6.3ms | ActiveRecord: 0.0ms | Allocations: 5953)


Started GET "/" for ::1 at 2020-08-03 16:39:37 +0900
Processing by MessagesController#index as HTML
  Rendering messages/index.html.erb within layouts/application
  Rendered messages/_side_bar.html.erb (Duration: 0.0ms | Allocations: 6)
  Rendered messages/_main_chat.html.erb (Duration: 0.0ms | Allocations: 5)
  Rendered messages/index.html.erb within layouts/application (Duration: 0.4ms | Allocations: 147)
[Webpacker] Everything's up-to-date. Nothing to do
Completed 200 OK in 18ms (Views: 17.1ms | ActiveRecord: 0.0ms | Allocations: 9290)


Started GET "/" for ::1 at 2020-08-03 16:39:38 +0900
Processing by MessagesController#index as HTML
  Rendering messages/index.html.erb within layouts/application
  Rendered messages/_side_bar.html.erb (Duration: 0.0ms | Allocations: 6)
  Rendered messages/_main_chat.html.erb (Duration: 0.0ms | Allocations: 5)
  Rendered messages/index.html.erb within layouts/application (Duration: 0.3ms | Allocations: 147)
[Webpacker] Everything's up-to-date. Nothing to do
Completed 200 OK in 8ms (Views: 7.2ms | ActiveRecord: 0.0ms | Allocations: 5909)


Started GET "/" for ::1 at 2020-08-03 16:47:28 +0900
  [1m[35m (0.2ms)[0m  [1m[35mSET NAMES utf8,  @@SESSION.sql_mode = CONCAT(CONCAT(@@sql_mode, ',STRICT_ALL_TABLES'), ',NO_AUTO_VALUE_ON_ZERO'),  @@SESSION.sql_auto_is_null = 0, @@SESSION.wait_timeout = 2147483[0m
Processing by MessagesController#index as HTML
  Rendering messages/index.html.erb within layouts/application
  Rendered messages/_side_bar.html.erb (Duration: 0.2ms | Allocations: 85)
  Rendered messages/_main_chat.html.erb (Duration: 0.2ms | Allocations: 87)
  Rendered messages/index.html.erb within layouts/application (Duration: 1.7ms | Allocations: 710)
[Webpacker] Everything's up-to-date. Nothing to do
Completed 200 OK in 18ms (Views: 17.1ms | ActiveRecord: 0.0ms | Allocations: 10422)


Started GET "/" for ::1 at 2020-08-03 16:49:49 +0900
Processing by MessagesController#index as HTML
  Rendering messages/index.html.erb within layouts/application
  Rendered messages/_side_bar.html.erb (Duration: 0.0ms | Allocations: 6)
  Rendered messages/_main_chat.html.erb (Duration: 0.0ms | Allocations: 5)
  Rendered messages/index.html.erb within layouts/application (Duration: 0.3ms | Allocations: 147)
[Webpacker] Everything's up-to-date. Nothing to do
Completed 200 OK in 13ms (Views: 12.4ms | ActiveRecord: 0.0ms | Allocations: 9103)


Started GET "/" for ::1 at 2020-08-03 16:51:17 +0900
Processing by MessagesController#index as HTML
  Rendering messages/index.html.erb within layouts/application
  Rendered messages/_side_bar.html.erb (Duration: 0.0ms | Allocations: 6)
  Rendered messages/_main_chat.html.erb (Duration: 0.0ms | Allocations: 5)
  Rendered messages/index.html.erb within layouts/application (Duration: 0.4ms | Allocations: 147)
[Webpacker] Everything's up-to-date. Nothing to do
Completed 200 OK in 15ms (Views: 14.6ms | ActiveRecord: 0.0ms | Allocations: 9980)


Started GET "/" for ::1 at 2020-08-03 16:51:26 +0900
Processing by MessagesController#index as HTML
  Rendering messages/index.html.erb within layouts/application
  Rendered messages/_side_bar.html.erb (Duration: 0.0ms | Allocations: 6)
  Rendered messages/_main_chat.html.erb (Duration: 0.0ms | Allocations: 5)
  Rendered messages/index.html.erb within layouts/application (Duration: 0.3ms | Allocations: 147)
[Webpacker] Everything's up-to-date. Nothing to do
Completed 200 OK in 8ms (Views: 7.7ms | ActiveRecord: 0.0ms | Allocations: 6002)


Started GET "/" for ::1 at 2020-08-03 16:54:49 +0900
Processing by MessagesController#index as HTML
  Rendering messages/index.html.erb within layouts/application
  Rendered messages/_side_bar.html.erb (Duration: 0.3ms | Allocations: 96)
  Rendered messages/_main_chat.html.erb (Duration: 0.3ms | Allocations: 86)
  Rendered messages/index.html.erb within layouts/application (Duration: 2.0ms | Allocations: 712)
[Webpacker] Everything's up-to-date. Nothing to do
Completed 200 OK in 11ms (Views: 10.4ms | ActiveRecord: 0.0ms | Allocations: 7412)


Started GET "/" for ::1 at 2020-08-03 16:58:39 +0900
Processing by MessagesController#index as HTML
  Rendering messages/index.html.erb within layouts/application
  Rendered messages/_side_bar.html.erb (Duration: 0.0ms | Allocations: 6)
  Rendered messages/_main_chat.html.erb (Duration: 0.0ms | Allocations: 5)
  Rendered messages/index.html.erb within layouts/application (Duration: 0.4ms | Allocations: 147)
[Webpacker] Everything's up-to-date. Nothing to do
Completed 200 OK in 15ms (Views: 13.9ms | ActiveRecord: 0.0ms | Allocations: 9124)


Started GET "/" for ::1 at 2020-08-03 17:03:21 +0900
Processing by MessagesController#index as HTML
  Rendering messages/index.html.erb within layouts/application
  Rendered messages/_side_bar.html.erb (Duration: 0.3ms | Allocations: 106)
  Rendered messages/_main_chat.html.erb (Duration: 0.2ms | Allocations: 86)
  Rendered messages/index.html.erb within layouts/application (Duration: 1.8ms | Allocations: 722)
[Webpacker] Everything's up-to-date. Nothing to do
Completed 200 OK in 34ms (Views: 32.6ms | ActiveRecord: 0.0ms | Allocations: 11431)


Started GET "/" for ::1 at 2020-08-03 17:03:52 +0900
Processing by MessagesController#index as HTML
  Rendering messages/index.html.erb within layouts/application
  Rendered messages/_side_bar.html.erb (Duration: 0.0ms | Allocations: 6)
  Rendered messages/_main_chat.html.erb (Duration: 0.0ms | Allocations: 5)
  Rendered messages/index.html.erb within layouts/application (Duration: 0.3ms | Allocations: 147)
[Webpacker] Everything's up-to-date. Nothing to do
Completed 200 OK in 15ms (Views: 14.2ms | ActiveRecord: 0.0ms | Allocations: 9122)


Started GET "/" for ::1 at 2020-08-03 17:04:21 +0900
Processing by MessagesController#index as HTML
  Rendering messages/index.html.erb within layouts/application
  Rendered messages/_side_bar.html.erb (Duration: 0.2ms | Allocations: 106)
  Rendered messages/_main_chat.html.erb (Duration: 0.2ms | Allocations: 86)
  Rendered messages/index.html.erb within layouts/application (Duration: 1.5ms | Allocations: 729)
[Webpacker] Everything's up-to-date. Nothing to do
Completed 200 OK in 10ms (Views: 8.9ms | ActiveRecord: 0.0ms | Allocations: 7452)


Started GET "/" for ::1 at 2020-08-03 17:09:46 +0900
Processing by MessagesController#index as HTML
  Rendering messages/index.html.erb within layouts/application
  Rendered messages/_side_bar.html.erb (Duration: 0.2ms | Allocations: 105)
  Rendered messages/_main_chat.html.erb (Duration: 0.2ms | Allocations: 98)
  Rendered messages/index.html.erb within layouts/application (Duration: 1.7ms | Allocations: 733)
[Webpacker] Everything's up-to-date. Nothing to do
Completed 200 OK in 15ms (Views: 14.4ms | ActiveRecord: 0.0ms | Allocations: 10619)


Started GET "/" for ::1 at 2020-08-03 17:10:05 +0900
Processing by MessagesController#index as HTML
  Rendering messages/index.html.erb within layouts/application
  Rendered messages/_side_bar.html.erb (Duration: 0.0ms | Allocations: 6)
  Rendered messages/_main_chat.html.erb (Duration: 0.0ms | Allocations: 5)
  Rendered messages/index.html.erb within layouts/application (Duration: 0.5ms | Allocations: 147)
[Webpacker] Everything's up-to-date. Nothing to do
Completed 200 OK in 17ms (Views: 15.9ms | ActiveRecord: 0.0ms | Allocations: 9124)


Started GET "/" for ::1 at 2020-08-03 17:10:52 +0900
Processing by MessagesController#index as HTML
  Rendering messages/index.html.erb within layouts/application
  Rendered messages/_side_bar.html.erb (Duration: 0.0ms | Allocations: 6)
  Rendered messages/_main_chat.html.erb (Duration: 0.0ms | Allocations: 5)
  Rendered messages/index.html.erb within layouts/application (Duration: 0.3ms | Allocations: 147)
[Webpacker] Everything's up-to-date. Nothing to do
Completed 200 OK in 13ms (Views: 12.3ms | ActiveRecord: 0.0ms | Allocations: 9121)


Started GET "/" for ::1 at 2020-08-03 17:15:45 +0900
Processing by MessagesController#index as HTML
  Rendering messages/index.html.erb within layouts/application
  Rendered messages/_side_bar.html.erb (Duration: 0.3ms | Allocations: 105)
  Rendered messages/_main_chat.html.erb (Duration: 0.3ms | Allocations: 129)
  Rendered messages/index.html.erb within layouts/application (Duration: 2.1ms | Allocations: 764)
[Webpacker] Everything's up-to-date. Nothing to do
Completed 200 OK in 11ms (Views: 10.3ms | ActiveRecord: 0.0ms | Allocations: 7490)


Started GET "/" for ::1 at 2020-08-03 17:20:16 +0900
Processing by MessagesController#index as HTML
  Rendering messages/index.html.erb within layouts/application
  Rendered messages/_side_bar.html.erb (Duration: 0.0ms | Allocations: 6)
  Rendered messages/_main_chat.html.erb (Duration: 0.0ms | Allocations: 5)
  Rendered messages/index.html.erb within layouts/application (Duration: 0.3ms | Allocations: 147)
[Webpacker] Everything's up-to-date. Nothing to do
Completed 200 OK in 13ms (Views: 12.6ms | ActiveRecord: 0.0ms | Allocations: 9977)


Started GET "/" for ::1 at 2020-08-03 17:41:17 +0900
  [1m[35m (0.2ms)[0m  [1m[35mSET NAMES utf8,  @@SESSION.sql_mode = CONCAT(CONCAT(@@sql_mode, ',STRICT_ALL_TABLES'), ',NO_AUTO_VALUE_ON_ZERO'),  @@SESSION.sql_auto_is_null = 0, @@SESSION.wait_timeout = 2147483[0m
Processing by MessagesController#index as HTML
  Rendering messages/index.html.erb within layouts/application
  Rendered messages/_side_bar.html.erb (Duration: 0.2ms | Allocations: 105)
  Rendered messages/_main_chat.html.erb (Duration: 0.2ms | Allocations: 133)
  Rendered messages/index.html.erb within layouts/application (Duration: 1.5ms | Allocations: 768)
[Webpacker] Everything's up-to-date. Nothing to do
Completed 200 OK in 19ms (Views: 17.7ms | ActiveRecord: 0.0ms | Allocations: 11089)


Started GET "/" for ::1 at 2020-08-03 17:41:18 +0900
Processing by MessagesController#index as HTML
  Rendering messages/index.html.erb within layouts/application
  Rendered messages/_side_bar.html.erb (Duration: 0.0ms | Allocations: 6)
  Rendered messages/_main_chat.html.erb (Duration: 0.0ms | Allocations: 5)
  Rendered messages/index.html.erb within layouts/application (Duration: 0.3ms | Allocations: 147)
[Webpacker] Everything's up-to-date. Nothing to do
Completed 200 OK in 8ms (Views: 7.4ms | ActiveRecord: 0.0ms | Allocations: 5965)


Started GET "/" for ::1 at 2020-08-03 17:41:19 +0900
Processing by MessagesController#index as HTML
  Rendering messages/index.html.erb within layouts/application
  Rendered messages/_side_bar.html.erb (Duration: 0.1ms | Allocations: 6)
  Rendered messages/_main_chat.html.erb (Duration: 0.0ms | Allocations: 5)
  Rendered messages/index.html.erb within layouts/application (Duration: 0.5ms | Allocations: 147)
[Webpacker] Everything's up-to-date. Nothing to do
Completed 200 OK in 7ms (Views: 6.3ms | ActiveRecord: 0.0ms | Allocations: 5932)


Started GET "/" for ::1 at 2020-08-03 17:42:21 +0900
Processing by MessagesController#index as HTML
  Rendering messages/index.html.erb within layouts/application
  Rendered messages/_side_bar.html.erb (Duration: 0.0ms | Allocations: 6)
  Rendered messages/_main_chat.html.erb (Duration: 0.0ms | Allocations: 5)
  Rendered messages/index.html.erb within layouts/application (Duration: 0.3ms | Allocations: 147)
[Webpacker] Everything's up-to-date. Nothing to do
Completed 200 OK in 14ms (Views: 13.2ms | ActiveRecord: 0.0ms | Allocations: 9565)


Started GET "/" for ::1 at 2020-08-03 17:43:26 +0900
Processing by MessagesController#index as HTML
  Rendering messages/index.html.erb within layouts/application
  Rendered messages/_side_bar.html.erb (Duration: 0.0ms | Allocations: 6)
  Rendered messages/_main_chat.html.erb (Duration: 0.0ms | Allocations: 5)
  Rendered messages/index.html.erb within layouts/application (Duration: 0.4ms | Allocations: 147)
[Webpacker] Everything's up-to-date. Nothing to do
Completed 200 OK in 17ms (Views: 16.1ms | ActiveRecord: 0.0ms | Allocations: 9932)


Started GET "/" for ::1 at 2020-08-03 17:45:20 +0900
Processing by MessagesController#index as HTML
  Rendering messages/index.html.erb within layouts/application
  Rendered messages/_side_bar.html.erb (Duration: 0.0ms | Allocations: 6)
  Rendered messages/_main_chat.html.erb (Duration: 0.0ms | Allocations: 5)
  Rendered messages/index.html.erb within layouts/application (Duration: 0.3ms | Allocations: 147)
[Webpacker] Everything's up-to-date. Nothing to do
Completed 200 OK in 15ms (Views: 14.0ms | ActiveRecord: 0.0ms | Allocations: 9124)


Started GET "/" for ::1 at 2020-08-03 17:55:53 +0900
  [1m[35m (0.2ms)[0m  [1m[35mSET NAMES utf8,  @@SESSION.sql_mode = CONCAT(CONCAT(@@sql_mode, ',STRICT_ALL_TABLES'), ',NO_AUTO_VALUE_ON_ZERO'),  @@SESSION.sql_auto_is_null = 0, @@SESSION.wait_timeout = 2147483[0m
Processing by MessagesController#index as HTML
  Rendering messages/index.html.erb within layouts/application
  Rendered messages/_side_bar.html.erb (Duration: 0.0ms | Allocations: 6)
  Rendered messages/_main_chat.html.erb (Duration: 0.0ms | Allocations: 5)
  Rendered messages/index.html.erb within layouts/application (Duration: 0.3ms | Allocations: 147)
[Webpacker] Everything's up-to-date. Nothing to do
Completed 200 OK in 16ms (Views: 15.3ms | ActiveRecord: 0.0ms | Allocations: 9128)


Started GET "/" for ::1 at 2020-08-03 17:56:07 +0900
Processing by MessagesController#index as HTML
  Rendering messages/index.html.erb within layouts/application
  Rendered messages/_side_bar.html.erb (Duration: 0.0ms | Allocations: 6)
  Rendered messages/_main_chat.html.erb (Duration: 0.0ms | Allocations: 5)
  Rendered messages/index.html.erb within layouts/application (Duration: 0.4ms | Allocations: 147)
[Webpacker] Everything's up-to-date. Nothing to do
Completed 200 OK in 15ms (Views: 14.5ms | ActiveRecord: 0.0ms | Allocations: 9556)


Started GET "/" for ::1 at 2020-08-03 17:56:19 +0900
Processing by MessagesController#index as HTML
  Rendering messages/index.html.erb within layouts/application
  Rendered messages/_side_bar.html.erb (Duration: 0.0ms | Allocations: 6)
  Rendered messages/_main_chat.html.erb (Duration: 0.0ms | Allocations: 5)
  Rendered messages/index.html.erb within layouts/application (Duration: 0.3ms | Allocations: 147)
[Webpacker] Everything's up-to-date. Nothing to do
Completed 200 OK in 14ms (Views: 13.8ms | ActiveRecord: 0.0ms | Allocations: 9518)


Started GET "/" for ::1 at 2020-08-03 17:56:31 +0900
Processing by MessagesController#index as HTML
  Rendering messages/index.html.erb within layouts/application
  Rendered messages/_side_bar.html.erb (Duration: 0.0ms | Allocations: 6)
  Rendered messages/_main_chat.html.erb (Duration: 0.0ms | Allocations: 5)
  Rendered messages/index.html.erb within layouts/application (Duration: 0.3ms | Allocations: 147)
[Webpacker] Everything's up-to-date. Nothing to do
Completed 200 OK in 16ms (Views: 16.0ms | ActiveRecord: 0.0ms | Allocations: 9540)


Started GET "/" for ::1 at 2020-08-03 17:56:47 +0900
Processing by MessagesController#index as HTML
  Rendering messages/index.html.erb within layouts/application
  Rendered messages/_side_bar.html.erb (Duration: 0.0ms | Allocations: 6)
  Rendered messages/_main_chat.html.erb (Duration: 0.0ms | Allocations: 5)
  Rendered messages/index.html.erb within layouts/application (Duration: 0.3ms | Allocations: 147)
[Webpacker] Everything's up-to-date. Nothing to do
Completed 200 OK in 22ms (Views: 21.3ms | ActiveRecord: 0.0ms | Allocations: 6001)


Started GET "/" for ::1 at 2020-08-03 17:58:37 +0900
Processing by MessagesController#index as HTML
  Rendering messages/index.html.erb within layouts/application
  Rendered messages/_side_bar.html.erb (Duration: 0.0ms | Allocations: 6)
  Rendered messages/_main_chat.html.erb (Duration: 0.0ms | Allocations: 5)
  Rendered messages/index.html.erb within layouts/application (Duration: 0.3ms | Allocations: 147)
[Webpacker] Everything's up-to-date. Nothing to do
Completed 200 OK in 15ms (Views: 14.5ms | ActiveRecord: 0.0ms | Allocations: 9573)


Started GET "/" for ::1 at 2020-08-03 17:58:54 +0900
Processing by MessagesController#index as HTML
  Rendering messages/index.html.erb within layouts/application
  Rendered messages/_side_bar.html.erb (Duration: 0.0ms | Allocations: 6)
  Rendered messages/_main_chat.html.erb (Duration: 0.0ms | Allocations: 5)
  Rendered messages/index.html.erb within layouts/application (Duration: 0.3ms | Allocations: 147)
[Webpacker] Everything's up-to-date. Nothing to do
Completed 200 OK in 15ms (Views: 14.4ms | ActiveRecord: 0.0ms | Allocations: 9970)


Started GET "/" for ::1 at 2020-08-03 17:59:13 +0900
Processing by MessagesController#index as HTML
  Rendering messages/index.html.erb within layouts/application
  Rendered messages/_side_bar.html.erb (Duration: 0.0ms | Allocations: 6)
  Rendered messages/_main_chat.html.erb (Duration: 0.0ms | Allocations: 5)
  Rendered messages/index.html.erb within layouts/application (Duration: 0.3ms | Allocations: 147)
[Webpacker] Everything's up-to-date. Nothing to do
Completed 200 OK in 9ms (Views: 8.7ms | ActiveRecord: 0.0ms | Allocations: 6422)


Started GET "/" for ::1 at 2020-08-03 17:59:39 +0900
Processing by MessagesController#index as HTML
  Rendering messages/index.html.erb within layouts/application
  Rendered messages/_side_bar.html.erb (Duration: 0.0ms | Allocations: 6)
  Rendered messages/_main_chat.html.erb (Duration: 0.0ms | Allocations: 5)
  Rendered messages/index.html.erb within layouts/application (Duration: 0.4ms | Allocations: 147)
[Webpacker] Everything's up-to-date. Nothing to do
Completed 200 OK in 16ms (Views: 15.4ms | ActiveRecord: 0.0ms | Allocations: 9947)


Started GET "/" for ::1 at 2020-08-03 17:59:59 +0900
Processing by MessagesController#index as HTML
  Rendering messages/index.html.erb within layouts/application
  Rendered messages/_side_bar.html.erb (Duration: 0.0ms | Allocations: 6)
  Rendered messages/_main_chat.html.erb (Duration: 0.0ms | Allocations: 5)
  Rendered messages/index.html.erb within layouts/application (Duration: 0.3ms | Allocations: 147)
[Webpacker] Everything's up-to-date. Nothing to do
Completed 200 OK in 15ms (Views: 14.0ms | ActiveRecord: 0.0ms | Allocations: 9932)


Started GET "/" for ::1 at 2020-08-03 18:01:33 +0900
Processing by MessagesController#index as HTML
  Rendering messages/index.html.erb within layouts/application
  Rendered messages/_side_bar.html.erb (Duration: 0.0ms | Allocations: 6)
  Rendered messages/_main_chat.html.erb (Duration: 0.0ms | Allocations: 5)
  Rendered messages/index.html.erb within layouts/application (Duration: 0.3ms | Allocations: 147)
[Webpacker] Everything's up-to-date. Nothing to do
Completed 200 OK in 15ms (Views: 14.4ms | ActiveRecord: 0.0ms | Allocations: 9516)


Started GET "/" for ::1 at 2020-08-03 18:01:34 +0900
Processing by MessagesController#index as HTML
  Rendering messages/index.html.erb within layouts/application
  Rendered messages/_side_bar.html.erb (Duration: 0.0ms | Allocations: 6)
  Rendered messages/_main_chat.html.erb (Duration: 0.0ms | Allocations: 5)
  Rendered messages/index.html.erb within layouts/application (Duration: 0.3ms | Allocations: 147)
[Webpacker] Everything's up-to-date. Nothing to do
Completed 200 OK in 8ms (Views: 7.4ms | ActiveRecord: 0.0ms | Allocations: 5956)


Started GET "/" for ::1 at 2020-08-03 18:16:24 +0900
  [1m[35m (0.3ms)[0m  [1m[35mSET NAMES utf8,  @@SESSION.sql_mode = CONCAT(CONCAT(@@sql_mode, ',STRICT_ALL_TABLES'), ',NO_AUTO_VALUE_ON_ZERO'),  @@SESSION.sql_auto_is_null = 0, @@SESSION.wait_timeout = 2147483[0m
Processing by MessagesController#index as HTML
  Rendering messages/index.html.erb within layouts/application
  Rendered messages/_side_bar.html.erb (Duration: 0.0ms | Allocations: 6)
  Rendered messages/_main_chat.html.erb (Duration: 0.0ms | Allocations: 5)
  Rendered messages/index.html.erb within layouts/application (Duration: 0.3ms | Allocations: 147)
[Webpacker] Everything's up-to-date. Nothing to do
Completed 200 OK in 14ms (Views: 13.2ms | ActiveRecord: 0.0ms | Allocations: 10816)


Started GET "/" for ::1 at 2020-08-03 18:16:33 +0900
Processing by MessagesController#index as HTML
  Rendering messages/index.html.erb within layouts/application
  Rendered messages/_side_bar.html.erb (Duration: 0.0ms | Allocations: 6)
  Rendered messages/_main_chat.html.erb (Duration: 0.0ms | Allocations: 5)
  Rendered messages/index.html.erb within layouts/application (Duration: 0.3ms | Allocations: 147)
[Webpacker] Everything's up-to-date. Nothing to do
Completed 200 OK in 9ms (Views: 8.3ms | ActiveRecord: 0.0ms | Allocations: 6004)


Started GET "/" for ::1 at 2020-08-03 18:19:31 +0900
Processing by MessagesController#index as HTML
  Rendering messages/index.html.erb within layouts/application
  Rendered messages/_side_bar.html.erb (Duration: 0.2ms | Allocations: 105)
  Rendered messages/_main_chat.html.erb (Duration: 0.2ms | Allocations: 133)
  Rendered messages/index.html.erb within layouts/application (Duration: 1.6ms | Allocations: 775)
[Webpacker] Everything's up-to-date. Nothing to do
Completed 200 OK in 25ms (Views: 23.7ms | ActiveRecord: 0.0ms | Allocations: 7478)


Started GET "/" for ::1 at 2020-08-03 18:19:32 +0900
Processing by MessagesController#index as HTML
  Rendering messages/index.html.erb within layouts/application
  Rendered messages/_side_bar.html.erb (Duration: 0.0ms | Allocations: 6)
  Rendered messages/_main_chat.html.erb (Duration: 0.0ms | Allocations: 5)
  Rendered messages/index.html.erb within layouts/application (Duration: 0.3ms | Allocations: 147)
[Webpacker] Everything's up-to-date. Nothing to do
Completed 200 OK in 7ms (Views: 6.6ms | ActiveRecord: 0.0ms | Allocations: 5933)


Started GET "/" for ::1 at 2020-08-03 18:19:33 +0900
Processing by MessagesController#index as HTML
  Rendering messages/index.html.erb within layouts/application
  Rendered messages/_side_bar.html.erb (Duration: 0.0ms | Allocations: 6)
  Rendered messages/_main_chat.html.erb (Duration: 0.0ms | Allocations: 5)
  Rendered messages/index.html.erb within layouts/application (Duration: 0.3ms | Allocations: 147)
[Webpacker] Everything's up-to-date. Nothing to do
Completed 200 OK in 8ms (Views: 7.4ms | ActiveRecord: 0.0ms | Allocations: 5950)


Started GET "/" for ::1 at 2020-08-03 18:19:33 +0900
Processing by MessagesController#index as HTML
  Rendering messages/index.html.erb within layouts/application
  Rendered messages/_side_bar.html.erb (Duration: 0.0ms | Allocations: 6)
  Rendered messages/_main_chat.html.erb (Duration: 0.0ms | Allocations: 5)
  Rendered messages/index.html.erb within layouts/application (Duration: 0.4ms | Allocations: 147)
[Webpacker] Everything's up-to-date. Nothing to do
Completed 200 OK in 8ms (Views: 7.7ms | ActiveRecord: 0.0ms | Allocations: 5940)


Started GET "/" for ::1 at 2020-08-03 18:19:33 +0900
Processing by MessagesController#index as HTML
  Rendering messages/index.html.erb within layouts/application
  Rendered messages/_side_bar.html.erb (Duration: 0.0ms | Allocations: 6)
  Rendered messages/_main_chat.html.erb (Duration: 0.0ms | Allocations: 5)
  Rendered messages/index.html.erb within layouts/application (Duration: 0.3ms | Allocations: 147)
[Webpacker] Everything's up-to-date. Nothing to do
Completed 200 OK in 8ms (Views: 7.2ms | ActiveRecord: 0.0ms | Allocations: 5930)


Started GET "/" for ::1 at 2020-08-03 18:19:34 +0900
Processing by MessagesController#index as HTML
  Rendering messages/index.html.erb within layouts/application
  Rendered messages/_side_bar.html.erb (Duration: 0.0ms | Allocations: 6)
  Rendered messages/_main_chat.html.erb (Duration: 0.0ms | Allocations: 5)
  Rendered messages/index.html.erb within layouts/application (Duration: 0.3ms | Allocations: 147)
[Webpacker] Everything's up-to-date. Nothing to do
Completed 200 OK in 8ms (Views: 7.1ms | ActiveRecord: 0.0ms | Allocations: 5944)


Started GET "/" for ::1 at 2020-08-03 18:19:34 +0900
Processing by MessagesController#index as HTML
  Rendering messages/index.html.erb within layouts/application
  Rendered messages/_side_bar.html.erb (Duration: 0.0ms | Allocations: 6)
  Rendered messages/_main_chat.html.erb (Duration: 0.0ms | Allocations: 5)
  Rendered messages/index.html.erb within layouts/application (Duration: 0.3ms | Allocations: 147)
[Webpacker] Everything's up-to-date. Nothing to do
Completed 200 OK in 8ms (Views: 7.4ms | ActiveRecord: 0.0ms | Allocations: 5940)


Started GET "/" for ::1 at 2020-08-03 18:19:34 +0900
Processing by MessagesController#index as HTML
  Rendering messages/index.html.erb within layouts/application
  Rendered messages/_side_bar.html.erb (Duration: 0.0ms | Allocations: 6)
  Rendered messages/_main_chat.html.erb (Duration: 0.0ms | Allocations: 5)
  Rendered messages/index.html.erb within layouts/application (Duration: 0.5ms | Allocations: 147)
[Webpacker] Everything's up-to-date. Nothing to do
Completed 200 OK in 8ms (Views: 7.7ms | ActiveRecord: 0.0ms | Allocations: 5932)


Started GET "/" for ::1 at 2020-08-03 18:19:34 +0900
Processing by MessagesController#index as HTML
  Rendering messages/index.html.erb within layouts/application
  Rendered messages/_side_bar.html.erb (Duration: 0.0ms | Allocations: 6)
  Rendered messages/_main_chat.html.erb (Duration: 0.0ms | Allocations: 5)
  Rendered messages/index.html.erb within layouts/application (Duration: 0.3ms | Allocations: 147)
[Webpacker] Everything's up-to-date. Nothing to do
Completed 200 OK in 8ms (Views: 7.2ms | ActiveRecord: 0.0ms | Allocations: 5950)


Started GET "/" for ::1 at 2020-08-03 18:19:34 +0900
Processing by MessagesController#index as HTML
  Rendering messages/index.html.erb within layouts/application
  Rendered messages/_side_bar.html.erb (Duration: 0.0ms | Allocations: 6)
  Rendered messages/_main_chat.html.erb (Duration: 0.0ms | Allocations: 5)
  Rendered messages/index.html.erb within layouts/application (Duration: 0.5ms | Allocations: 147)
[Webpacker] Everything's up-to-date. Nothing to do
Completed 200 OK in 8ms (Views: 7.5ms | ActiveRecord: 0.0ms | Allocations: 5942)


Started GET "/" for ::1 at 2020-08-03 18:20:01 +0900
Processing by MessagesController#index as HTML
  Rendering messages/index.html.erb within layouts/application
  Rendered messages/_side_bar.html.erb (Duration: 0.0ms | Allocations: 6)
  Rendered messages/_main_chat.html.erb (Duration: 0.0ms | Allocations: 5)
  Rendered messages/index.html.erb within layouts/application (Duration: 0.3ms | Allocations: 147)
[Webpacker] Everything's up-to-date. Nothing to do
Completed 200 OK in 16ms (Views: 15.1ms | ActiveRecord: 0.0ms | Allocations: 10374)


Started GET "/" for ::1 at 2020-08-03 18:20:31 +0900
Processing by MessagesController#index as HTML
  Rendering messages/index.html.erb within layouts/application
  Rendered messages/_side_bar.html.erb (Duration: 0.0ms | Allocations: 6)
  Rendered messages/_main_chat.html.erb (Duration: 0.0ms | Allocations: 5)
  Rendered messages/index.html.erb within layouts/application (Duration: 0.3ms | Allocations: 147)
[Webpacker] Everything's up-to-date. Nothing to do
Completed 200 OK in 17ms (Views: 16.2ms | ActiveRecord: 0.0ms | Allocations: 9947)


Started GET "/" for ::1 at 2020-08-03 18:20:53 +0900
Processing by MessagesController#index as HTML
  Rendering messages/index.html.erb within layouts/application
  Rendered messages/_side_bar.html.erb (Duration: 0.0ms | Allocations: 6)
  Rendered messages/_main_chat.html.erb (Duration: 0.0ms | Allocations: 5)
  Rendered messages/index.html.erb within layouts/application (Duration: 0.3ms | Allocations: 147)
[Webpacker] Everything's up-to-date. Nothing to do
Completed 200 OK in 9ms (Views: 8.1ms | ActiveRecord: 0.0ms | Allocations: 5992)


Started GET "/" for ::1 at 2020-08-03 18:27:05 +0900
  [1m[35m (0.4ms)[0m  [1m[35mSET NAMES utf8,  @@SESSION.sql_mode = CONCAT(CONCAT(@@sql_mode, ',STRICT_ALL_TABLES'), ',NO_AUTO_VALUE_ON_ZERO'),  @@SESSION.sql_auto_is_null = 0, @@SESSION.wait_timeout = 2147483[0m
Processing by MessagesController#index as HTML
  Rendering messages/index.html.erb within layouts/application
  Rendered messages/_side_bar.html.erb (Duration: 0.0ms | Allocations: 6)
  Rendered messages/_main_chat.html.erb (Duration: 0.0ms | Allocations: 5)
  Rendered messages/index.html.erb within layouts/application (Duration: 0.3ms | Allocations: 147)
[Webpacker] Everything's up-to-date. Nothing to do
Completed 200 OK in 12ms (Views: 11.5ms | ActiveRecord: 0.0ms | Allocations: 8242)


Started GET "/" for ::1 at 2020-08-03 18:38:36 +0900
  [1m[35m (0.2ms)[0m  [1m[35mSET NAMES utf8,  @@SESSION.sql_mode = CONCAT(CONCAT(@@sql_mode, ',STRICT_ALL_TABLES'), ',NO_AUTO_VALUE_ON_ZERO'),  @@SESSION.sql_auto_is_null = 0, @@SESSION.wait_timeout = 2147483[0m
Processing by MessagesController#index as HTML
  Rendering messages/index.html.erb within layouts/application
  Rendered messages/_side_bar.html.erb (Duration: 0.2ms | Allocations: 105)
  Rendered messages/_main_chat.html.erb (Duration: 0.3ms | Allocations: 137)
  Rendered messages/index.html.erb within layouts/application (Duration: 1.9ms | Allocations: 779)
[Webpacker] Everything's up-to-date. Nothing to do
Completed 200 OK in 16ms (Views: 15.0ms | ActiveRecord: 0.0ms | Allocations: 11188)


  [1m[35m (0.3ms)[0m  [1m[35mSET NAMES utf8,  @@SESSION.sql_mode = CONCAT(CONCAT(@@sql_mode, ',STRICT_ALL_TABLES'), ',NO_AUTO_VALUE_ON_ZERO'),  @@SESSION.sql_auto_is_null = 0, @@SESSION.wait_timeout = 2147483[0m
  [1m[35m (0.1ms)[0m  [1m[34mSELECT @@innodb_file_per_table = 1 AND @@innodb_file_format = 'Barracuda'[0m
  [1m[35m (9.6ms)[0m  [1m[35mCREATE TABLE `schema_migrations` (`version` varchar(255) NOT NULL PRIMARY KEY)[0m
  [1m[35m (11.2ms)[0m  [1m[35mCREATE TABLE `ar_internal_metadata` (`key` varchar(255) NOT NULL PRIMARY KEY, `value` varchar(255), `created_at` datetime(6) NOT NULL, `updated_at` datetime(6) NOT NULL)[0m
  [1m[35m (0.4ms)[0m  [1m[35mSET NAMES utf8,  @@SESSION.sql_mode = CONCAT(CONCAT(@@sql_mode, ',STRICT_ALL_TABLES'), ',NO_AUTO_VALUE_ON_ZERO'),  @@SESSION.sql_auto_is_null = 0, @@SESSION.wait_timeout = 2147483[0m
  [1m[35m (0.2ms)[0m  [1m[34mSELECT GET_LOCK('8617640504667222525', 0)[0m
  [1m[35m (0.2ms)[0m  [1m[34mSELECT `schema_migrations`.`version` FROM `schema_migrations` ORDER BY `schema_migrations`.`version` ASC[0m
Migrating to DeviseCreateUsers (20200803100350)
  [1m[35m (11.3ms)[0m  [1m[35mCREATE TABLE `users` (`id` bigint NOT NULL AUTO_INCREMENT PRIMARY KEY, `name` varchar(255) NOT NULL, `email` varchar(255) DEFAULT '' NOT NULL, `encrypted_password` varchar(255) DEFAULT '' NOT NULL, `reset_password_token` varchar(255), `reset_password_sent_at` datetime, `remember_created_at` datetime, `created_at` datetime(6) NOT NULL, `updated_at` datetime(6) NOT NULL)[0m
  [1m[35m (6.6ms)[0m  [1m[35mCREATE UNIQUE INDEX `index_users_on_email`  ON `users` (`email`) [0m
  [1m[35m (5.8ms)[0m  [1m[35mCREATE UNIQUE INDEX `index_users_on_reset_password_token`  ON `users` (`reset_password_token`) [0m
  [1m[35m (0.1ms)[0m  [1m[35mBEGIN[0m
  [1m[36mprimary::SchemaMigration Create (0.2ms)[0m  [1m[32mINSERT INTO `schema_migrations` (`version`) VALUES ('20200803100350')[0m
  [1m[35m (0.3ms)[0m  [1m[35mCOMMIT[0m
  [1m[36mActiveRecord::InternalMetadata Load (0.2ms)[0m  [1m[34mSELECT `ar_internal_metadata`.* FROM `ar_internal_metadata` WHERE `ar_internal_metadata`.`key` = 'environment' LIMIT 1[0m
  [1m[35m (0.1ms)[0m  [1m[35mBEGIN[0m
  [1m[36mActiveRecord::InternalMetadata Create (0.1ms)[0m  [1m[32mINSERT INTO `ar_internal_metadata` (`key`, `value`, `created_at`, `updated_at`) VALUES ('environment', 'development', '2020-08-03 10:06:43.674601', '2020-08-03 10:06:43.674601')[0m
  [1m[35m (0.3ms)[0m  [1m[35mCOMMIT[0m
  [1m[35m (0.2ms)[0m  [1m[34mSELECT RELEASE_LOCK('8617640504667222525')[0m
  [1m[35m (0.1ms)[0m  [1m[35mSET NAMES utf8,  @@SESSION.sql_mode = CONCAT(CONCAT(@@sql_mode, ',STRICT_ALL_TABLES'), ',NO_AUTO_VALUE_ON_ZERO'),  @@SESSION.sql_auto_is_null = 0, @@SESSION.wait_timeout = 2147483[0m
  [1m[35m (0.1ms)[0m  [1m[34mSELECT `schema_migrations`.`version` FROM `schema_migrations` ORDER BY `schema_migrations`.`version` ASC[0m
